<?xml version="1.0" encoding="UTF-8"?>
<beans xmlns="http://www.springframework.org/schema/beans"
	xmlns:xsi="http://www.w3.org/2001/XMLSchema-instance" xmlns:p="http://www.springframework.org/schema/p"
	xmlns:aop="http://www.springframework.org/schema/aop" xmlns:context="http://www.springframework.org/schema/context"
	xmlns:jee="http://www.springframework.org/schema/jee" xmlns:mvc="http://www.springframework.org/schema/mvc"
	xmlns:task="http://www.springframework.org/schema/task" xmlns:tx="http://www.springframework.org/schema/tx" 
	xmlns:util="http://www.springframework.org/schema/util"
	xsi:schemaLocation="http://www.springframework.org/schema/beans http://www.springframework.org/schema/beans/spring-beans-3.0.xsd
		http://www.springframework.org/schema/aop http://www.springframework.org/schema/aop/spring-aop-3.0.xsd
    http://www.springframework.org/schema/context http://www.springframework.org/schema/context/spring-context-3.0.xsd
    http://www.springframework.org/schema/jee http://www.springframework.org/schema/jee/spring-jee-3.0.xsd
    http://www.springframework.org/schema/mvc http://www.springframework.org/schema/mvc/spring-mvc-3.0.xsd
    http://www.springframework.org/schema/task http://www.springframework.org/schema/task/spring-task-3.0.xsd
    http://www.springframework.org/schema/tx http://www.springframework.org/schema/tx/spring-tx-3.0.xsd
    http://www.springframework.org/schema/util http://www.springframework.org/schema/util/spring-util-3.0.xsd">

	<!-- MVC Test -->
	<bean id="hello1" name="/test/hello1" class="com.test.controller.Hello1Controller" />

	<context:component-scan base-package="com.test" />

	<!-- AOP Test -->
	<aop:config>
		<aop:advisor pointcut="execution(* com.test.service.*.*(..))" advice-ref="txAdvice"/>
		<aop:advisor pointcut="execution(* com.test.controller.*.*(..))" advice-ref="txAdvice"/>
	</aop:config>

	<!-- Config & Misc Test -->
	<bean class="org.springframework.beans.factory.config.PropertyOverrideConfigurer"
		p:location="classpath:test.properties" p:ignoreResourceNotFound="true" p:ignoreInvalidKeys="true"
		p:localOverride="true" />

	<bean id="test" class="com.test.CommonTest" p:name="World" />

</beans>